<?xml version="1.0" encoding="UTF-8"?>
<Site BuildName="Win32-mingw32-make"
	BuildStamp="20241109-2355-Experimental"
	Name="Shadow"
	Generator="ctest-3.30.0"
	CompilerName="C:/mingw64/bin/clang++.exe"
	CompilerVersion="18.1.8"
	OSName="Windows"
	Hostname="Shadow"
	OSRelease=" Professional"
	OSVersion=" (Build 9200)"
	OSPlatform="AMD64"
	Is64Bits="1"
	VendorString=""
	VendorID="Unknown Manufacturer"
	FamilyID="0"
	ModelID="0"
	ProcessorCacheSize="0"
	NumberOfLogicalCPU="16"
	NumberOfPhysicalCPU="8"
	TotalVirtualMemory="34433"
	TotalPhysicalMemory="15212"
	LogicalProcessorsPerPhysical="2"
	ProcessorClockFrequency="3194"
	>
	<Testing>
		<StartDateTime>Nov 10 00:55 Romance Standard Time</StartDateTime>
		<StartTestTime>1731196523</StartTestTime>
		<TestList/>
		<EndDateTime>Nov 10 00:55 Romance Standard Time</EndDateTime>
		<EndTestTime>1731196523</EndTestTime>
		<ElapsedMinutes>0</ElapsedMinutes>
	</Testing>
</Site>
